<?xml version="1.0" encoding="UTF-8"?>
<testng-results ignored="0" total="2" passed="2" failed="0" skipped="0">
  <reporter-output>
  </reporter-output>
  <suite started-at="2023-11-20T12:57:13 IST" name="Default suite" finished-at="2023-11-20T12:57:20 IST" duration-ms="6488">
    <groups>
    </groups>
    <test started-at="2023-11-20T12:57:13 IST" name="Default test" finished-at="2023-11-20T12:57:20 IST" duration-ms="6488">
      <class name="restassuredapi.trello">
        <test-method signature="createboard()[pri:0, instance:restassuredapi.trello@d5b810e]" started-at="2023-11-20T12:57:13 IST" name="createboard" finished-at="2023-11-20T12:57:18 IST" duration-ms="4991" status="PASS">
          <reporter-output>
          </reporter-output>
        </test-method> <!-- createboard -->
        <test-method signature="delboard()[pri:0, instance:restassuredapi.trello@d5b810e]" started-at="2023-11-20T12:57:18 IST" name="delboard" finished-at="2023-11-20T12:57:20 IST" duration-ms="1407" status="PASS">
          <reporter-output>
          </reporter-output>
        </test-method> <!-- delboard -->
      </class> <!-- restassuredapi.trello -->
    </test> <!-- Default test -->
  </suite> <!-- Default suite -->
</testng-results>
